\BOOKMARK [1][-]{section*.1}{Abstract}{}% 1
\BOOKMARK [1][-]{section*.4}{Introduction}{}% 2
\BOOKMARK [2][-]{section*.16}{Probability Matching}{section*.4}% 3
\BOOKMARK [2][-]{section*.27}{Patterns}{section*.4}% 4
\BOOKMARK [2][-]{section*.35}{Current Research}{section*.4}% 5
\BOOKMARK [1][-]{section*.38}{Experiment 1: Probability Matching}{}% 6
\BOOKMARK [2][-]{section*.39}{Methods}{section*.38}% 7
\BOOKMARK [2][-]{section*.53}{Results}{section*.38}% 8
\BOOKMARK [2][-]{section*.63}{Discussion}{section*.38}% 9
\BOOKMARK [1][-]{section*.65}{Experiment 2: Altering Hoop Sizes}{}% 10
\BOOKMARK [2][-]{section*.66}{Spatial Averaging}{section*.65}% 11
\BOOKMARK [2][-]{section*.76}{Preface}{section*.65}% 12
\BOOKMARK [2][-]{section*.79}{Methods}{section*.65}% 13
\BOOKMARK [2][-]{section*.90}{Results}{section*.65}% 14
\BOOKMARK [2][-]{section*.99}{Discussion}{section*.65}% 15
\BOOKMARK [1][-]{section*.101}{Experiment 3: Two Throws}{}% 16
\BOOKMARK [2][-]{section*.102}{Preface}{section*.101}% 17
\BOOKMARK [2][-]{section*.104}{Methods}{section*.101}% 18
\BOOKMARK [2][-]{section*.112}{Results}{section*.101}% 19
\BOOKMARK [2][-]{section*.119}{Discussion}{section*.101}% 20
\BOOKMARK [1][-]{section*.121}{Experiment 4: Unequal Reward}{}% 21
\BOOKMARK [2][-]{section*.122}{Financial Incentives}{section*.121}% 22
\BOOKMARK [2][-]{section*.129}{Preface}{section*.121}% 23
\BOOKMARK [2][-]{section*.132}{Methods}{section*.121}% 24
\BOOKMARK [2][-]{section*.139}{Results}{section*.121}% 25
\BOOKMARK [2][-]{section*.141}{Discussion}{section*.121}% 26
\BOOKMARK [1][-]{section*.142}{General Discussion}{}% 27
\BOOKMARK [2][-]{section*.146}{Confidence}{section*.142}% 28
\BOOKMARK [2][-]{section*.151}{Certainty}{section*.142}% 29
\BOOKMARK [2][-]{section*.154}{Individual Differences}{section*.142}% 30
\BOOKMARK [1][-]{section*.159}{Conclusion}{}% 31
\BOOKMARK [1][-]{section*.160}{References}{}% 32
