This is pdfTeX, Version 3.14159265-2.6-1.40.19 (MiKTeX 2.9.6730 64-bit) (preloaded format=pdflatex 2018.7.6)  23 APR 2019 16:54
entering extended mode
**./manuscript.tex
(manuscript.tex
LaTeX2e <2018-04-01> patch level 5
(E:\MikTex\tex\latex\base\article.cls
Document Class: article 2014/09/29 v1.4h Standard LaTeX document class
(E:\MikTex\tex\latex\base\size12.clo
File: size12.clo 2014/09/29 v1.4h Standard LaTeX file (size option)
)
\c@part=\count80
\c@section=\count81
\c@subsection=\count82
\c@subsubsection=\count83
\c@paragraph=\count84
\c@subparagraph=\count85
\c@figure=\count86
\c@table=\count87
\abovecaptionskip=\skip41
\belowcaptionskip=\skip42
\bibindent=\dimen102
) (E:\MikTex\tex\latex\apacite\apacite.sty
Package: apacite 2013/07/21 v6.03 APA citation
\c@BibCnt=\count88
\bibleftmargin=\skip43
\bibindent=\skip44
\bibparsep=\skip45
\bibitemsep=\skip46
\biblabelsep=\skip47
) (E:\MikTex\tex\latex\natbib\natbib.sty
Package: natbib 2010/09/13 8.31b (PWD, AO)
\bibhang=\skip48
\bibsep=\skip49
LaTeX Info: Redefining \cite on input line 694.
LaTeX Info: Redefining \citeauthor on input line 712.
LaTeX Info: Redefining \citeyear on input line 735.
\c@NAT@ctr=\count89
)
(E:\MikTex\tex\latex\geometry\geometry.sty
Package: geometry 2018/04/16 v5.8 Page Geometry

(E:\MikTex\tex\latex\graphics\keyval.sty
Package: keyval 2014/10/28 v1.15 key=value parser (DPC)
\KV@toks@=\toks14
)
(E:\MikTex\tex\generic\oberdiek\ifpdf.sty
Package: ifpdf 2017/03/15 v3.2 Provides the ifpdf switch
)
(E:\MikTex\tex\generic\oberdiek\ifvtex.sty
Package: ifvtex 2016/05/16 v1.6 Detect VTeX and its facilities (HO)
Package ifvtex Info: VTeX not detected.
)
(E:\MikTex\tex\generic\ifxetex\ifxetex.sty
Package: ifxetex 2010/09/12 v0.6 Provides ifxetex conditional
)
\Gm@cnth=\count90
\Gm@cntv=\count91
\c@Gm@tempcnt=\count92
\Gm@bindingoffset=\dimen103
\Gm@wd@mp=\dimen104
\Gm@odd@mp=\dimen105
\Gm@even@mp=\dimen106
\Gm@layoutwidth=\dimen107
\Gm@layoutheight=\dimen108
\Gm@layouthoffset=\dimen109
\Gm@layoutvoffset=\dimen110
\Gm@dimlist=\toks15

(E:\MikTex\tex\latex\geometry\geometry.cfg)) (E:\MikTex\tex\latex\url\url.sty
\Urlmuskip=\muskip10
Package: url 2013/09/16  ver 3.4  Verb mode for urls, etc.
)
(E:\MikTex\tex\generic\babel\babel.sty
Package: babel 2018/06/05 3.22 The Babel package
 (E:\MikTex\tex\generic\babel\switch.def
File: switch.def 2018/06/05 3.22 Babel switching mechanism
)
*************************************
* Local config file bblopts.cfg used
*
(E:\MikTex\tex\latex\arabi\bblopts.cfg
File: bblopts.cfg 2005/09/08 v0.1 add Arabic and Farsi to "declared" options of
 babel
)
(E:\MikTex\tex\latex\babel-english\english.ldf
Language: english 2017/06/06 v3.3r English support from the babel system

(E:\MikTex\tex\generic\babel\babel.def
File: babel.def 2018/06/05 3.22 Babel common definitions
\babel@savecnt=\count93
\U@D=\dimen111

(E:\MikTex\tex\generic\babel\txtbabel.def)
\bbl@dirlevel=\count94
)
\l@canadian = a dialect from \language\l@american 
\l@australian = a dialect from \language\l@british 
\l@newzealand = a dialect from \language\l@british 
))
(E:\MikTex\tex\latex\csquotes\csquotes.sty
Package: csquotes 2018/04/13 v5.2d context-sensitive quotations (JAW)

(E:\MikTex\tex\latex\etoolbox\etoolbox.sty
Package: etoolbox 2018/02/11 v2.5e e-TeX tools for LaTeX (JAW)
\etb@tempcnta=\count95
)
\csq@reset=\count96
\csq@gtype=\count97
\csq@glevel=\count98
\csq@qlevel=\count99
\csq@maxlvl=\count100
\csq@tshold=\count101
\csq@ltx@everypar=\toks16

(E:\MikTex\tex\latex\csquotes\csquotes.def
File: csquotes.def 2018/04/13 v5.2d csquotes generic definitions (JAW)
)
Package csquotes Info: Trying to load configuration file 'csquotes.cfg'...
Package csquotes Info: ... configuration file loaded successfully.

(E:\MikTex\tex\latex\csquotes\csquotes.cfg
File: csquotes.cfg 
)
Package csquotes Info: Enabling multilingual quotes.
Package csquotes Info: Redefining alias 'english' -> 'english/american'.
)
Package csquotes Info: Allocating character ".

(E:\MikTex\tex\latex\fancyvrb\fancyvrb.sty
Package: fancyvrb 2008/02/07

Style option: `fancyvrb' v2.7a, with DG/SPQR fixes, and firstline=lastline fix 
<2008/02/07> (tvz)
\FV@CodeLineNo=\count102
\FV@InFile=\read1
\FV@TabBox=\box26
\c@FancyVerbLine=\count103
\FV@StepNumber=\count104
\FV@OutFile=\write3
) (E:\MikTex\tex\latex\subfig\subfig.sty
Package: subfig 2005/06/28 ver: 1.3 subfig package

(E:\MikTex\tex\latex\caption\caption.sty
Package: caption 2018/05/01 v3.3-147 Customizing captions (AR)

(E:\MikTex\tex\latex\caption\caption3.sty
Package: caption3 2018/05/27 v1.8a caption3 kernel (AR)
Package caption3 Info: TeX engine: e-TeX on input line 64.
\captionmargin=\dimen112
\captionmargin@=\dimen113
\captionwidth=\dimen114
\caption@tempdima=\dimen115
\caption@indent=\dimen116
\caption@parindent=\dimen117
\caption@hangindent=\dimen118
)
\c@ContinuedFloat=\count105
)
\c@KVtest=\count106
\sf@farskip=\skip50
\sf@captopadj=\dimen119
\sf@capskip=\skip51
\sf@nearskip=\skip52
\c@subfigure=\count107
\c@subfigure@save=\count108
\c@lofdepth=\count109
\c@subtable=\count110
\c@subtable@save=\count111
\c@lotdepth=\count112
\sf@top=\skip53
\sf@bottom=\skip54
)
(E:\MikTex\tex\latex\wrapfig\wrapfig.sty
\wrapoverhang=\dimen120
\WF@size=\dimen121
\c@WF@wrappedlines=\count113
\WF@box=\box27
\WF@everypar=\toks17
Package: wrapfig 2003/01/31  v 3.6
)
(E:\MikTex\tex\latex\footmisc\footmisc.sty
Package: footmisc 2011/06/06 v5.5b a miscellany of footnote facilities
\FN@temptoken=\toks18
\footnotemargin=\dimen122
\c@pp@next@reset=\count114
Package footmisc Info: Declaring symbol style bringhurst on input line 855.
Package footmisc Info: Declaring symbol style chicago on input line 863.
Package footmisc Info: Declaring symbol style wiley on input line 872.
Package footmisc Info: Declaring symbol style lamport-robust on input line 883.

Package footmisc Info: Declaring symbol style lamport* on input line 903.
Package footmisc Info: Declaring symbol style lamport*-robust on input line 924
.
)
(E:\MikTex\tex\latex\fancyhdr\fancyhdr.sty
Package: fancyhdr 2017/06/30 v3.9a Extensive control of page headers and footer
s
\f@nch@headwidth=\skip55
\f@nch@O@elh=\skip56
\f@nch@O@erh=\skip57
\f@nch@O@olh=\skip58
\f@nch@O@orh=\skip59
\f@nch@O@elf=\skip60
\f@nch@O@erf=\skip61
\f@nch@O@olf=\skip62
\f@nch@O@orf=\skip63
)

Package Fancyhdr Warning: \fancyhead's `E' option without twoside option is use
less on input line 32.


Package Fancyhdr Warning: \fancyfoot's `E' option without twoside option is use
less on input line 33.

(E:\MikTex\tex\latex\graphics\graphicx.sty
Package: graphicx 2017/06/01 v1.1a Enhanced LaTeX Graphics (DPC,SPQR)

(E:\MikTex\tex\latex\graphics\graphics.sty
Package: graphics 2017/06/25 v1.2c Standard LaTeX Graphics (DPC,SPQR)

(E:\MikTex\tex\latex\graphics\trig.sty
Package: trig 2016/01/03 v1.10 sin cos tan (DPC)
)
(E:\MikTex\tex\latex\graphics-cfg\graphics.cfg
File: graphics.cfg 2016/06/04 v1.11 sample graphics configuration
)
Package graphics Info: Driver file: pdftex.def on input line 99.

(E:\MikTex\tex\latex\graphics-def\pdftex.def
File: pdftex.def 2018/01/08 v1.0l Graphics/color driver for pdftex
))
\Gin@req@height=\dimen123
\Gin@req@width=\dimen124
)
(E:\MikTex\tex\latex\ulem\ulem.sty
\UL@box=\box28
\UL@hyphenbox=\box29
\UL@skip=\skip64
\UL@hook=\toks19
\UL@height=\dimen125
\UL@pe=\count115
\UL@pixel=\dimen126
\ULC@box=\box30
Package: ulem 2012/05/18
\ULdepth=\dimen127
) (E:\MikTex\tex\latex\hyperref\hyperref.sty
Package: hyperref 2018/02/06 v6.86b Hypertext links for LaTeX

(E:\MikTex\tex\generic\oberdiek\hobsub-hyperref.sty
Package: hobsub-hyperref 2016/05/16 v1.14 Bundle oberdiek, subset hyperref (HO)


(E:\MikTex\tex\generic\oberdiek\hobsub-generic.sty
Package: hobsub-generic 2016/05/16 v1.14 Bundle oberdiek, subset generic (HO)
Package: hobsub 2016/05/16 v1.14 Construct package bundles (HO)
Package: infwarerr 2016/05/16 v1.4 Providing info/warning/error messages (HO)
Package: ltxcmds 2016/05/16 v1.23 LaTeX kernel commands for general use (HO)
Package: ifluatex 2016/05/16 v1.4 Provides the ifluatex switch (HO)
Package ifluatex Info: LuaTeX not detected.
Package hobsub Info: Skipping package `ifvtex' (already loaded).
Package: intcalc 2016/05/16 v1.2 Expandable calculations with integers (HO)
Package hobsub Info: Skipping package `ifpdf' (already loaded).
Package: etexcmds 2016/05/16 v1.6 Avoid name clashes with e-TeX commands (HO)
Package etexcmds Info: Could not find \expanded.
(etexcmds)             That can mean that you are not using pdfTeX 1.50 or
(etexcmds)             that some package has redefined \expanded.
(etexcmds)             In the latter case, load this package earlier.
Package: kvsetkeys 2016/05/16 v1.17 Key value parser (HO)
Package: kvdefinekeys 2016/05/16 v1.4 Define keys (HO)
Package: pdftexcmds 2018/01/30 v0.27 Utility functions of pdfTeX for LuaTeX (HO
)
Package pdftexcmds Info: LuaTeX not detected.
Package pdftexcmds Info: \pdf@primitive is available.
Package pdftexcmds Info: \pdf@ifprimitive is available.
Package pdftexcmds Info: \pdfdraftmode found.
Package: pdfescape 2016/05/16 v1.14 Implements pdfTeX's escape features (HO)
Package: bigintcalc 2016/05/16 v1.4 Expandable calculations on big integers (HO
)
Package: bitset 2016/05/16 v1.2 Handle bit-vector datatype (HO)
Package: uniquecounter 2016/05/16 v1.3 Provide unlimited unique counter (HO)
)
Package hobsub Info: Skipping package `hobsub' (already loaded).
Package: letltxmacro 2016/05/16 v1.5 Let assignment for LaTeX macros (HO)
Package: hopatch 2016/05/16 v1.3 Wrapper for package hooks (HO)
Package: xcolor-patch 2016/05/16 xcolor patch
Package: atveryend 2016/05/16 v1.9 Hooks at the very end of document (HO)
Package: atbegshi 2016/06/09 v1.18 At begin shipout hook (HO)
Package: refcount 2016/05/16 v3.5 Data extraction from label references (HO)
Package: hycolor 2016/05/16 v1.8 Color options for hyperref/bookmark (HO)
)
(E:\MikTex\tex\latex\oberdiek\auxhook.sty
Package: auxhook 2016/05/16 v1.4 Hooks for auxiliary files (HO)
)
(E:\MikTex\tex\latex\oberdiek\kvoptions.sty
Package: kvoptions 2016/05/16 v3.12 Key value format for package options (HO)
)
\@linkdim=\dimen128
\Hy@linkcounter=\count116
\Hy@pagecounter=\count117

(E:\MikTex\tex\latex\hyperref\pd1enc.def
File: pd1enc.def 2018/02/06 v6.86b Hyperref: PDFDocEncoding definition (HO)
Now handling font encoding PD1 ...
... no UTF-8 mapping file for font encoding PD1
)
\Hy@SavedSpaceFactor=\count118

(E:\MikTex\tex\latex\00miktex\hyperref.cfg
File: hyperref.cfg 2002/06/06 v1.2 hyperref configuration of TeXLive
)
Package hyperref Info: Hyper figures OFF on input line 4509.
Package hyperref Info: Link nesting OFF on input line 4514.
Package hyperref Info: Hyper index ON on input line 4517.
Package hyperref Info: Plain pages OFF on input line 4524.
Package hyperref Info: Backreferencing OFF on input line 4529.
Package hyperref Info: Implicit mode ON; LaTeX internals redefined.
Package hyperref Info: Bookmarks ON on input line 4762.
\c@Hy@tempcnt=\count119
LaTeX Info: Redefining \url on input line 5115.
\XeTeXLinkMargin=\dimen129
\Fld@menulength=\count120
\Field@Width=\dimen130
\Fld@charsize=\dimen131
Package hyperref Info: Hyper figures OFF on input line 6369.
Package hyperref Info: Link nesting OFF on input line 6374.
Package hyperref Info: Hyper index ON on input line 6377.
Package hyperref Info: backreferencing OFF on input line 6384.
Package hyperref Info: Link coloring OFF on input line 6389.
Package hyperref Info: Link coloring with OCG OFF on input line 6394.
Package hyperref Info: PDF/A mode OFF on input line 6399.
LaTeX Info: Redefining \ref on input line 6439.
LaTeX Info: Redefining \pageref on input line 6443.
\Hy@abspage=\count121
\c@Item=\count122
\c@Hfootnote=\count123
)
Package hyperref Info: Driver (autodetected): hpdftex.

(E:\MikTex\tex\latex\hyperref\hpdftex.def
File: hpdftex.def 2018/02/06 v6.86b Hyperref driver for pdfTeX
\Fld@listcount=\count124
\c@bookmark@seq@number=\count125

(E:\MikTex\tex\latex\oberdiek\rerunfilecheck.sty
Package: rerunfilecheck 2016/05/16 v1.8 Rerun checks for auxiliary files (HO)
Package uniquecounter Info: New unique counter `rerunfilecheck' on input line 2
82.
)
\Hy@SectionHShift=\skip65
)
(E:\MikTex\tex\latex\setspace\setspace.sty
Package: setspace 2011/12/19 v6.7a set line spacing
)
Package csquotes Info: Checking for multilingual support...
Package csquotes Info: ... found 'babel' package.
 (manuscript.aux)
\openout1 = `manuscript.aux'.

LaTeX Font Info:    Checking defaults for OML/cmm/m/it on input line 56.
LaTeX Font Info:    ... okay on input line 56.
LaTeX Font Info:    Checking defaults for T1/cmr/m/n on input line 56.
LaTeX Font Info:    ... okay on input line 56.
LaTeX Font Info:    Checking defaults for OT1/cmr/m/n on input line 56.
LaTeX Font Info:    ... okay on input line 56.
LaTeX Font Info:    Checking defaults for OMS/cmsy/m/n on input line 56.
LaTeX Font Info:    ... okay on input line 56.
LaTeX Font Info:    Checking defaults for OMX/cmex/m/n on input line 56.
LaTeX Font Info:    ... okay on input line 56.
LaTeX Font Info:    Checking defaults for U/cmr/m/n on input line 56.
LaTeX Font Info:    ... okay on input line 56.
LaTeX Font Info:    Checking defaults for PD1/pdf/m/n on input line 56.
LaTeX Font Info:    ... okay on input line 56.
\c@maskedRefs=\count126

(E:\MikTex\tex\latex\apacite\english.apc
File: english.apc 2013/07/21 v6.03 apacite language file
LaTeX Info: Redefining \BPBI on input line 129.
LaTeX Info: Redefining \BHBI on input line 130.
)
*geometry* driver: auto-detecting
*geometry* detected driver: pdftex
*geometry* verbose mode - [ preamble ] result:
* driver: pdftex
* paper: a4paper
* layout: <same size as paper>
* layoutoffset:(h,v)=(0.0pt,0.0pt)
* modes: 
* h-part:(L,W,R)=(56.9055pt, 483.69684pt, 56.90553pt)
* v-part:(T,H,B)=(56.9055pt, 731.23582pt, 56.90552pt)
* \paperwidth=597.50787pt
* \paperheight=845.04684pt
* \textwidth=483.69684pt
* \textheight=731.23582pt
* \oddsidemargin=-15.36449pt
* \evensidemargin=-15.36449pt
* \topmargin=-52.36449pt
* \headheight=12.0pt
* \headsep=25.0pt
* \topskip=12.0pt
* \footskip=30.0pt
* \marginparwidth=44.0pt
* \marginparsep=10.0pt
* \columnsep=10.0pt
* \skip\footins=10.8pt plus 4.0pt minus 2.0pt
* \hoffset=0.0pt
* \voffset=0.0pt
* \mag=1000
* \@twocolumnfalse
* \@twosidefalse
* \@mparswitchfalse
* \@reversemarginfalse
* (1in=72.27pt=25.4mm, 1cm=28.453pt)

Package csquotes Info: Making character " active on input line 56.
Package caption Info: Begin \AtBeginDocument code.
Package caption Info: subfig package v1.3 is loaded.
Package caption Info: hyperref package is loaded.
Package caption Info: wrapfig package is loaded.
Package caption Info: End \AtBeginDocument code.
(E:\MikTex\tex\context\base\supp-pdf.mkii
[Loading MPS to PDF converter (version 2006.09.02).]
\scratchcounter=\count127
\scratchdimen=\dimen132
\scratchbox=\box31
\nofMPsegments=\count128
\nofMParguments=\count129
\everyMPshowfont=\toks20
\MPscratchCnt=\count130
\MPscratchDim=\dimen133
\MPnumerator=\count131
\makeMPintoPDFobject=\count132
\everyMPtoPDFconversion=\toks21
) (E:\MikTex\tex\latex\oberdiek\epstopdf-base.sty
Package: epstopdf-base 2016/05/15 v2.6 Base part for package epstopdf

(E:\MikTex\tex\latex\oberdiek\grfext.sty
Package: grfext 2016/05/16 v1.2 Manage graphics extensions (HO)
)
Package epstopdf-base Info: Redefining graphics rule for `.eps' on input line 4
38.
Package grfext Info: Graphics extension search list:
(grfext)             [.pdf,.png,.jpg,.mps,.jpeg,.jbig2,.jb2,.PDF,.PNG,.JPG,.JPE
G,.JBIG2,.JB2,.eps]
(grfext)             \AppendGraphicsExtensions on input line 456.
)
\AtBeginShipoutBox=\box32
Package hyperref Info: Link coloring OFF on input line 56.

(E:\MikTex\tex\latex\hyperref\nameref.sty
Package: nameref 2016/05/21 v2.44 Cross-referencing by name of section

(E:\MikTex\tex\generic\oberdiek\gettitlestring.sty
Package: gettitlestring 2016/05/16 v1.5 Cleanup title references (HO)
)
\c@section@level=\count133
)
LaTeX Info: Redefining \ref on input line 56.
LaTeX Info: Redefining \pageref on input line 56.
LaTeX Info: Redefining \nameref on input line 56.
 (manuscript.out)
(manuscript.out)
\@outlinefile=\write4
\openout4 = `manuscript.out'.

 [1

{C:/Users/Warren/AppData/Local/MiKTeX/2.9/pdftex/config/pdftex.map}]

Package Fancyhdr Warning: \headheight is too small (12.0pt): 
 Make it at least 14.49998pt.
 We now make it that large for the rest of the document.
 This may cause the page layout to be inconsistent, however.

pdfTeX warning (ext4): destination with the same identifier (name{page.1}) has 
been already used, duplicate ignored
<to be read again> 
                   \relax 
l.87 \newpage
              [1] (manuscript.toc
LaTeX Font Info:    External font `cmex10' loaded for size
(Font)              <12> on input line 16.
LaTeX Font Info:    External font `cmex10' loaded for size
(Font)              <8> on input line 16.
LaTeX Font Info:    External font `cmex10' loaded for size
(Font)              <6> on input line 16.
)
\tf@toc=\write5
\openout5 = `manuscript.toc'.

 [2] [3] [4] [5] [6] [7] [8]
<Figures/Experiment_4_prob/Part1_Trial.png, id=332, 1441.63594pt x 764.10469pt>

File: Figures/Experiment_4_prob/Part1_Trial.png Graphic file (type png)
<use Figures/Experiment_4_prob/Part1_Trial.png>
Package pdftex.def Info: Figures/Experiment_4_prob/Part1_Trial.png  used on inp
ut line 296.
(pdftex.def)             Requested size: 504.58014pt x 267.44064pt.

Overfull \hbox (20.8833pt too wide) in paragraph at lines 296--299
 [][] 
 []

[9] [10 <./Figures/Experiment_4_prob/Part1_Trial.png>]
<Figures/Experiment_4_prob/Part2_Trial.png, id=355, 1470.99562pt x 800.9925pt>
File: Figures/Experiment_4_prob/Part2_Trial.png Graphic file (type png)
<use Figures/Experiment_4_prob/Part2_Trial.png>
Package pdftex.def Info: Figures/Experiment_4_prob/Part2_Trial.png  used on inp
ut line 312.
(pdftex.def)             Requested size: 514.85619pt x 280.35156pt.

Overfull \hbox (31.15935pt too wide) in paragraph at lines 312--315
 [][] 
 []

[11 <./Figures/Experiment_4_prob/Part2_Trial.png>]
<Figures/Experiment_4_prob/Part_2_prop_biased_vdegs.png, id=366, 511.9125pt x 3
41.3553pt>
File: Figures/Experiment_4_prob/Part_2_prop_biased_vdegs.png Graphic file (type
 png)
<use Figures/Experiment_4_prob/Part_2_prop_biased_vdegs.png>
Package pdftex.def Info: Figures/Experiment_4_prob/Part_2_prop_biased_vdegs.png
  used on input line 355.
(pdftex.def)             Requested size: 426.7932pt x 284.53322pt.
<Figures/Experiment_4_prob/Part_2_prop_random_vdegs.png, id=367, 511.9125pt x 3
41.3553pt>
File: Figures/Experiment_4_prob/Part_2_prop_random_vdegs.png Graphic file (type
 png)
<use Figures/Experiment_4_prob/Part_2_prop_random_vdegs.png>
Package pdftex.def Info: Figures/Experiment_4_prob/Part_2_prop_random_vdegs.png
  used on input line 356.
(pdftex.def)             Requested size: 426.7932pt x 284.53322pt.
 [12] [13 <./Figures/Experiment_4_prob/Part_2_prop_biased_vdegs.png> <./Figures
/Experiment_4_prob/Part_2_prop_random_vdegs.png>]
<Figures/Experiment_4_prob/exp_vs_opt_bias_lines.png, id=391, 511.9125pt x 341.
3553pt>
File: Figures/Experiment_4_prob/exp_vs_opt_bias_lines.png Graphic file (type pn
g)
<use Figures/Experiment_4_prob/exp_vs_opt_bias_lines.png>
Package pdftex.def Info: Figures/Experiment_4_prob/exp_vs_opt_bias_lines.png  u
sed on input line 398.
(pdftex.def)             Requested size: 426.7932pt x 284.53322pt.
<Figures/Experiment_4_prob/exp_vs_opt_rand_lines.png, id=392, 511.9125pt x 341.
3553pt>
File: Figures/Experiment_4_prob/exp_vs_opt_rand_lines.png Graphic file (type pn
g)
<use Figures/Experiment_4_prob/exp_vs_opt_rand_lines.png>
Package pdftex.def Info: Figures/Experiment_4_prob/exp_vs_opt_rand_lines.png  u
sed on input line 399.
(pdftex.def)             Requested size: 426.7932pt x 284.53322pt.
 [14] [15 <./Figures/Experiment_4_prob/exp_vs_opt_bias_lines.png> <./Figures/Ex
periment_4_prob/exp_vs_opt_rand_lines.png>] [16] [17]
[18]
<Figures/Experiment_1_Awareness/Layout_part1.jpg, id=476, 813.0375pt x 1445.4pt
>
File: Figures/Experiment_1_Awareness/Layout_part1.jpg Graphic file (type jpg)
<use Figures/Experiment_1_Awareness/Layout_part1.jpg>
Package pdftex.def Info: Figures/Experiment_1_Awareness/Layout_part1.jpg  used 
on input line 461.
(pdftex.def)             Requested size: 203.25888pt x 361.34912pt.
 [19]
<Figures/Experiment_1_Awareness/Layout_part2.jpg, id=490, 1445.4pt x 813.0375pt
>
File: Figures/Experiment_1_Awareness/Layout_part2.jpg Graphic file (type jpg)
<use Figures/Experiment_1_Awareness/Layout_part2.jpg>
Package pdftex.def Info: Figures/Experiment_1_Awareness/Layout_part2.jpg  used 
on input line 473.
(pdftex.def)             Requested size: 476.98347pt x 268.3032pt.
<Figures/Experiment_3_Hoop_size/Session_1_plot.png, id=491, 511.9125pt x 455.06
01pt>
File: Figures/Experiment_3_Hoop_size/Session_1_plot.png Graphic file (type png)

<use Figures/Experiment_3_Hoop_size/Session_1_plot.png>
Package pdftex.def Info: Figures/Experiment_3_Hoop_size/Session_1_plot.png  use
d on input line 483.
(pdftex.def)             Requested size: 460.717pt x 409.55031pt.
 [20 <./Figures/Experiment_1_Awareness/Layout_part1.jpg>]
<Figures/Experiment_3_Hoop_size/Session_2_plot.png, id=498, 511.9125pt x 455.06
01pt>
File: Figures/Experiment_3_Hoop_size/Session_2_plot.png Graphic file (type png)

<use Figures/Experiment_3_Hoop_size/Session_2_plot.png>
Package pdftex.def Info: Figures/Experiment_3_Hoop_size/Session_2_plot.png  use
d on input line 498.
(pdftex.def)             Requested size: 460.717pt x 409.55031pt.
 [21 <./Figures/Experiment_1_Awareness/Layout_part2.jpg>]
<Figures/Experiment_3_Hoop_size/Accuracyshaded_regions.png, id=510, 511.9125pt 
x 341.3553pt>
File: Figures/Experiment_3_Hoop_size/Accuracyshaded_regions.png Graphic file (t
ype png)
<use Figures/Experiment_3_Hoop_size/Accuracyshaded_regions.png>
Package pdftex.def Info: Figures/Experiment_3_Hoop_size/Accuracyshaded_regions.
png  used on input line 520.
(pdftex.def)             Requested size: 460.717pt x 307.2169pt.
 [22 <./Figures/Experiment_3_Hoop_size/Session_1_plot.png>] [23 <./Figures/Expe
riment_3_Hoop_size/Session_2_plot.png>] [24 <./Figures/Experiment_3_Hoop_size/A
ccuracyshaded_regions.png>]
<Figures/Experiment_2_Two_throw/Part2_BOTH_AvG_allpoints.png, id=541, 511.9125p
t x 341.3553pt>
File: Figures/Experiment_2_Two_throw/Part2_BOTH_AvG_allpoints.png Graphic file 
(type png)
<use Figures/Experiment_2_Two_throw/Part2_BOTH_AvG_allpoints.png>
Package pdftex.def Info: Figures/Experiment_2_Two_throw/Part2_BOTH_AvG_allpoint
s.png  used on input line 563.
(pdftex.def)             Requested size: 460.717pt x 307.2169pt.

[25]
<Figures/Experiment_2_Two_throw/Accuracyshaded_regions.png, id=554, 511.9125pt 
x 341.3553pt>
File: Figures/Experiment_2_Two_throw/Accuracyshaded_regions.png Graphic file (t
ype png)
<use Figures/Experiment_2_Two_throw/Accuracyshaded_regions.png>
Package pdftex.def Info: Figures/Experiment_2_Two_throw/Accuracyshaded_regions.
png  used on input line 578.
(pdftex.def)             Requested size: 460.717pt x 307.2169pt.
 [26 <./Figures/Experiment_2_Two_throw/Part2_BOTH_AvG_allpoints.png>]
[27 <./Figures/Experiment_2_Two_throw/Accuracyshaded_regions.png>] [28]
[29] [30]
<Figures/Experiment_5_Unequal_Reward/prop_and_position.png, id=622, 565.1514pt 
x 314.6154pt>
File: Figures/Experiment_5_Unequal_Reward/prop_and_position.png Graphic file (t
ype png)
<use Figures/Experiment_5_Unequal_Reward/prop_and_position.png>
Package pdftex.def Info: Figures/Experiment_5_Unequal_Reward/prop_and_position.
png  used on input line 636.
(pdftex.def)             Requested size: 508.63155pt x 283.15123pt.

Overfull \hbox (24.93471pt too wide) in paragraph at lines 636--639
 [][] 
 []

<Figures/Experiment_5_Unequal_Reward/Model_output.png, id=627, 511.9125pt x 341
.3553pt>
File: Figures/Experiment_5_Unequal_Reward/Model_output.png Graphic file (type p
ng)
<use Figures/Experiment_5_Unequal_Reward/Model_output.png>
Package pdftex.def Info: Figures/Experiment_5_Unequal_Reward/Model_output.png  
used on input line 647.
(pdftex.def)             Requested size: 460.717pt x 307.2169pt.
[31 <./Figures/Experiment_5_Unequal_Reward/prop_and_position.png>] [32 <./Figur
es/Experiment_5_Unequal_Reward/Model_output.png>] [33] [34] [35] [36] [37]
[38] (manuscript.bbl [39

] [40])
Package atveryend Info: Empty hook `BeforeClearDocument' on input line 718.
 [41]
Package atveryend Info: Empty hook `AfterLastShipout' on input line 718.
 (manuscript.aux)
Package atveryend Info: Executing hook `AtVeryEndDocument' on input line 718.
Package atveryend Info: Executing hook `AtEndAfterFileList' on input line 718.
Package rerunfilecheck Info: File `manuscript.out' has not changed.
(rerunfilecheck)             Checksum: 609ADCBAF814294E8B7C7153C7449605;1867.
 ) 
Here is how much of TeX's memory you used:
 9972 strings out of 492973
 149928 string characters out of 3143878
 274315 words of memory out of 3000000
 13485 multiletter control sequences out of 15000+200000
 9718 words of font info for 35 fonts, out of 3000000 for 9000
 1141 hyphenation exceptions out of 8191
 44i,10n,43p,1817b,606s stack positions out of 5000i,500n,10000p,200000b,50000s
<E:/MikTex/fonts/type1/public/amsfonts/cm/cmbx12.pfb><E:/MikTex/fonts/type1/p
ublic/amsfonts/cm/cmcsc10.pfb><E:/MikTex/fonts/type1/public/amsfonts/cm/cmmi12.
pfb><E:/MikTex/fonts/type1/public/amsfonts/cm/cmr12.pfb><E:/MikTex/fonts/type1/
public/amsfonts/cm/cmsy10.pfb><E:/MikTex/fonts/type1/public/amsfonts/cm/cmsy8.p
fb><E:/MikTex/fonts/type1/public/amsfonts/cm/cmti12.pfb><E:/MikTex/fonts/type1/
public/amsfonts/cm/cmtt12.pfb><E:/MikTex/fonts/type1/public/amsfonts/cm/cmu10.p
fb>
Output written on manuscript.pdf (42 pages, 1820844 bytes).
PDF statistics:
 861 PDF objects out of 1000 (max. 8388607)
 232 named destinations out of 1000 (max. 500000)
 324 words of extra memory for PDF output out of 10000 (max. 10000000)

