This is pdfTeX, Version 3.141592653-2.6-1.40.23 (TeX Live 2021/W32TeX) (preloaded format=pdflatex 2021.7.22)  27 JUL 2021 19:03
entering extended mode
 restricted \write18 enabled.
 %&-line parsing enabled.
**Sup_mat.tex
(./Sup_mat.tex
LaTeX2e <2021-06-01> patch level 1
L3 programming layer <2021-07-12> (c:/Users/Warren/AppData/Roaming/TinyTeX/texm
f-dist/tex/latex/base/article.cls
Document Class: article 2021/02/12 v1.4n Standard LaTeX document class
(c:/Users/Warren/AppData/Roaming/TinyTeX/texmf-dist/tex/latex/base/size10.clo
File: size10.clo 2021/02/12 v1.4n Standard LaTeX file (size option)
)
\c@part=\count182
\c@section=\count183
\c@subsection=\count184
\c@subsubsection=\count185
\c@paragraph=\count186
\c@subparagraph=\count187
\c@figure=\count188
\c@table=\count189
\abovecaptionskip=\skip47
\belowcaptionskip=\skip48
\bibindent=\dimen138
) (c:/Users/Warren/AppData/Roaming/TinyTeX/texmf-dist/tex/latex/lm/lmodern.sty
Package: lmodern 2015/05/01 v1.6.1 Latin Modern Fonts
LaTeX Font Info:    Overwriting symbol font `operators' in version `normal'
(Font)                  OT1/cmr/m/n --> OT1/lmr/m/n on input line 22.
LaTeX Font Info:    Overwriting symbol font `letters' in version `normal'
(Font)                  OML/cmm/m/it --> OML/lmm/m/it on input line 23.
LaTeX Font Info:    Overwriting symbol font `symbols' in version `normal'
(Font)                  OMS/cmsy/m/n --> OMS/lmsy/m/n on input line 24.
LaTeX Font Info:    Overwriting symbol font `largesymbols' in version `normal'
(Font)                  OMX/cmex/m/n --> OMX/lmex/m/n on input line 25.
LaTeX Font Info:    Overwriting symbol font `operators' in version `bold'
(Font)                  OT1/cmr/bx/n --> OT1/lmr/bx/n on input line 26.
LaTeX Font Info:    Overwriting symbol font `letters' in version `bold'
(Font)                  OML/cmm/b/it --> OML/lmm/b/it on input line 27.
LaTeX Font Info:    Overwriting symbol font `symbols' in version `bold'
(Font)                  OMS/cmsy/b/n --> OMS/lmsy/b/n on input line 28.
LaTeX Font Info:    Overwriting symbol font `largesymbols' in version `bold'
(Font)                  OMX/cmex/m/n --> OMX/lmex/m/n on input line 29.
LaTeX Font Info:    Overwriting math alphabet `\mathbf' in version `normal'
(Font)                  OT1/cmr/bx/n --> OT1/lmr/bx/n on input line 31.
LaTeX Font Info:    Overwriting math alphabet `\mathsf' in version `normal'
(Font)                  OT1/cmss/m/n --> OT1/lmss/m/n on input line 32.
LaTeX Font Info:    Overwriting math alphabet `\mathit' in version `normal'
(Font)                  OT1/cmr/m/it --> OT1/lmr/m/it on input line 33.
LaTeX Font Info:    Overwriting math alphabet `\mathtt' in version `normal'
(Font)                  OT1/cmtt/m/n --> OT1/lmtt/m/n on input line 34.
LaTeX Font Info:    Overwriting math alphabet `\mathbf' in version `bold'
(Font)                  OT1/cmr/bx/n --> OT1/lmr/bx/n on input line 35.
LaTeX Font Info:    Overwriting math alphabet `\mathsf' in version `bold'
(Font)                  OT1/cmss/bx/n --> OT1/lmss/bx/n on input line 36.
LaTeX Font Info:    Overwriting math alphabet `\mathit' in version `bold'
(Font)                  OT1/cmr/bx/it --> OT1/lmr/bx/it on input line 37.
LaTeX Font Info:    Overwriting math alphabet `\mathtt' in version `bold'
(Font)                  OT1/cmtt/m/n --> OT1/lmtt/m/n on input line 38.
)
(c:/Users/Warren/AppData/Roaming/TinyTeX/texmf-dist/tex/latex/amsmath/amsmath.s
ty
Package: amsmath 2021/04/20 v2.17j AMS math features
\@mathmargin=\skip49
For additional information on amsmath, use the `?' option.

(c:/Users/Warren/AppData/Roaming/TinyTeX/texmf-dist/tex/latex/amsmath/amstext.s
ty
Package: amstext 2000/06/29 v2.01 AMS text

(c:/Users/Warren/AppData/Roaming/TinyTeX/texmf-dist/tex/latex/amsmath/amsgen.st
y
File: amsgen.sty 1999/11/30 v2.0 generic functions
\@emptytoks=\toks16
\ex@=\dimen139
))
(c:/Users/Warren/AppData/Roaming/TinyTeX/texmf-dist/tex/latex/amsmath/amsbsy.st
y
Package: amsbsy 1999/11/29 v1.2d Bold Symbols
\pmbraise@=\dimen140
)
(c:/Users/Warren/AppData/Roaming/TinyTeX/texmf-dist/tex/latex/amsmath/amsopn.st
y
Package: amsopn 2016/03/08 v2.02 operator names
)
\inf@bad=\count190
LaTeX Info: Redefining \frac on input line 234.
\uproot@=\count191
\leftroot@=\count192
LaTeX Info: Redefining \overline on input line 399.
\classnum@=\count193
\DOTSCASE@=\count194
LaTeX Info: Redefining \ldots on input line 496.
LaTeX Info: Redefining \dots on input line 499.
LaTeX Info: Redefining \cdots on input line 620.
\Mathstrutbox@=\box50
\strutbox@=\box51
\big@size=\dimen141
LaTeX Font Info:    Redeclaring font encoding OML on input line 743.
LaTeX Font Info:    Redeclaring font encoding OMS on input line 744.
\macc@depth=\count195
\c@MaxMatrixCols=\count196
\dotsspace@=\muskip16
\c@parentequation=\count197
\dspbrk@lvl=\count198
\tag@help=\toks17
\row@=\count199
\column@=\count266
\maxfields@=\count267
\andhelp@=\toks18
\eqnshift@=\dimen142
\alignsep@=\dimen143
\tagshift@=\dimen144
\tagwidth@=\dimen145
\totwidth@=\dimen146
\lineht@=\dimen147
\@envbody=\toks19
\multlinegap=\skip50
\multlinetaggap=\skip51
\mathdisplay@stack=\toks20
LaTeX Info: Redefining \[ on input line 2923.
LaTeX Info: Redefining \] on input line 2924.
)
(c:/Users/Warren/AppData/Roaming/TinyTeX/texmf-dist/tex/generic/iftex/ifxetex.s
ty
Package: ifxetex 2019/10/25 v0.7 ifxetex legacy package. Use iftex instead.

(c:/Users/Warren/AppData/Roaming/TinyTeX/texmf-dist/tex/generic/iftex/iftex.sty
Package: iftex 2020/03/06 v1.0d TeX engine tests
))
(c:/Users/Warren/AppData/Roaming/TinyTeX/texmf-dist/tex/generic/iftex/ifluatex.
sty
Package: ifluatex 2019/10/25 v1.5 ifluatex legacy package. Use iftex instead.
) (c:/Users/Warren/AppData/Roaming/TinyTeX/texmf-dist/tex/latex/base/fontenc.st
y
Package: fontenc 2021/04/29 v2.0v Standard LaTeX package
LaTeX Font Info:    Trying to load font information for T1+lmr on input line 11
2.
(c:/Users/Warren/AppData/Roaming/TinyTeX/texmf-dist/tex/latex/lm/t1lmr.fd
File: t1lmr.fd 2015/05/01 v1.6.1 Font defs for Latin Modern
))
(c:/Users/Warren/AppData/Roaming/TinyTeX/texmf-dist/tex/latex/base/inputenc.sty
Package: inputenc 2021/02/14 v1.3d Input encoding file
\inpenc@prehook=\toks21
\inpenc@posthook=\toks22
)
(c:/Users/Warren/AppData/Roaming/TinyTeX/texmf-dist/tex/latex/base/textcomp.sty
Package: textcomp 2020/02/02 v2.0n Standard LaTeX package
)
(c:/Users/Warren/AppData/Roaming/TinyTeX/texmf-dist/tex/latex/amsfonts/amssymb.
sty
Package: amssymb 2013/01/14 v3.01 AMS font symbols

(c:/Users/Warren/AppData/Roaming/TinyTeX/texmf-dist/tex/latex/amsfonts/amsfonts
.sty
Package: amsfonts 2013/01/14 v3.01 Basic AMSFonts support
\symAMSa=\mathgroup4
\symAMSb=\mathgroup5
LaTeX Font Info:    Redeclaring math symbol \hbar on input line 98.
LaTeX Font Info:    Overwriting math alphabet `\mathfrak' in version `bold'
(Font)                  U/euf/m/n --> U/euf/b/n on input line 106.
))
(c:/Users/Warren/AppData/Roaming/TinyTeX/texmf-dist/tex/latex/xcolor/xcolor.sty
Package: xcolor 2016/05/11 v2.12 LaTeX color extensions (UK)

(c:/Users/Warren/AppData/Roaming/TinyTeX/texmf-dist/tex/latex/graphics-cfg/colo
r.cfg
File: color.cfg 2016/01/02 v1.6 sample color configuration
)
Package xcolor Info: Driver file: pdftex.def on input line 225.

(c:/Users/Warren/AppData/Roaming/TinyTeX/texmf-dist/tex/latex/graphics-def/pdft
ex.def
File: pdftex.def 2020/10/05 v1.2a Graphics/color driver for pdftex
)
Package xcolor Info: Model `cmy' substituted by `cmy0' on input line 1348.
Package xcolor Info: Model `hsb' substituted by `rgb' on input line 1352.
Package xcolor Info: Model `RGB' extended on input line 1364.
Package xcolor Info: Model `HTML' substituted by `rgb' on input line 1366.
Package xcolor Info: Model `Hsb' substituted by `hsb' on input line 1367.
Package xcolor Info: Model `tHsb' substituted by `hsb' on input line 1368.
Package xcolor Info: Model `HSB' substituted by `hsb' on input line 1369.
Package xcolor Info: Model `Gray' substituted by `gray' on input line 1370.
Package xcolor Info: Model `wave' substituted by `hsb' on input line 1371.
)
(c:/Users/Warren/AppData/Roaming/TinyTeX/texmf-dist/tex/latex/hyperref/hyperref
.sty
Package: hyperref 2021-06-07 v7.00m Hypertext links for LaTeX

(c:/Users/Warren/AppData/Roaming/TinyTeX/texmf-dist/tex/generic/ltxcmds/ltxcmds
.sty
Package: ltxcmds 2020-05-10 v1.25 LaTeX kernel commands for general use (HO)
)
(c:/Users/Warren/AppData/Roaming/TinyTeX/texmf-dist/tex/generic/pdftexcmds/pdft
excmds.sty
Package: pdftexcmds 2020-06-27 v0.33 Utility functions of pdfTeX for LuaTeX (HO
)

(c:/Users/Warren/AppData/Roaming/TinyTeX/texmf-dist/tex/generic/infwarerr/infwa
rerr.sty
Package: infwarerr 2019/12/03 v1.5 Providing info/warning/error messages (HO)
)
Package pdftexcmds Info: \pdf@primitive is available.
Package pdftexcmds Info: \pdf@ifprimitive is available.
Package pdftexcmds Info: \pdfdraftmode found.
)
(c:/Users/Warren/AppData/Roaming/TinyTeX/texmf-dist/tex/latex/graphics/keyval.s
ty
Package: keyval 2014/10/28 v1.15 key=value parser (DPC)
\KV@toks@=\toks23
)
(c:/Users/Warren/AppData/Roaming/TinyTeX/texmf-dist/tex/generic/kvsetkeys/kvset
keys.sty
Package: kvsetkeys 2019/12/15 v1.18 Key value parser (HO)
)
(c:/Users/Warren/AppData/Roaming/TinyTeX/texmf-dist/tex/generic/kvdefinekeys/kv
definekeys.sty
Package: kvdefinekeys 2019-12-19 v1.6 Define keys (HO)
)
(c:/Users/Warren/AppData/Roaming/TinyTeX/texmf-dist/tex/generic/pdfescape/pdfes
cape.sty
Package: pdfescape 2019/12/09 v1.15 Implements pdfTeX's escape features (HO)
)
(c:/Users/Warren/AppData/Roaming/TinyTeX/texmf-dist/tex/latex/hycolor/hycolor.s
ty
Package: hycolor 2020-01-27 v1.10 Color options for hyperref/bookmark (HO)
)
(c:/Users/Warren/AppData/Roaming/TinyTeX/texmf-dist/tex/latex/letltxmacro/letlt
xmacro.sty
Package: letltxmacro 2019/12/03 v1.6 Let assignment for LaTeX macros (HO)
)
(c:/Users/Warren/AppData/Roaming/TinyTeX/texmf-dist/tex/latex/auxhook/auxhook.s
ty
Package: auxhook 2019-12-17 v1.6 Hooks for auxiliary files (HO)
)
(c:/Users/Warren/AppData/Roaming/TinyTeX/texmf-dist/tex/latex/kvoptions/kvoptio
ns.sty
Package: kvoptions 2020-10-07 v3.14 Key value format for package options (HO)
)
\@linkdim=\dimen148
\Hy@linkcounter=\count268
\Hy@pagecounter=\count269

(c:/Users/Warren/AppData/Roaming/TinyTeX/texmf-dist/tex/latex/hyperref/pd1enc.d
ef
File: pd1enc.def 2021-06-07 v7.00m Hyperref: PDFDocEncoding definition (HO)
Now handling font encoding PD1 ...
... no UTF-8 mapping file for font encoding PD1
)
(c:/Users/Warren/AppData/Roaming/TinyTeX/texmf-dist/tex/latex/hyperref/hyperref
-langpatches.def
File: hyperref-langpatches.def 2021-06-07 v7.00m Hyperref: patches for babel la
nguages
)
(c:/Users/Warren/AppData/Roaming/TinyTeX/texmf-dist/tex/generic/intcalc/intcalc
.sty
Package: intcalc 2019/12/15 v1.3 Expandable calculations with integers (HO)
)
(c:/Users/Warren/AppData/Roaming/TinyTeX/texmf-dist/tex/generic/etexcmds/etexcm
ds.sty
Package: etexcmds 2019/12/15 v1.7 Avoid name clashes with e-TeX commands (HO)
)
\Hy@SavedSpaceFactor=\count270

(c:/Users/Warren/AppData/Roaming/TinyTeX/texmf-dist/tex/latex/hyperref/puenc.de
f
File: puenc.def 2021-06-07 v7.00m Hyperref: PDF Unicode definition (HO)
Now handling font encoding PU ...
... no UTF-8 mapping file for font encoding PU
)
Package hyperref Info: Option `unicode' set `true' on input line 4073.
Package hyperref Info: Hyper figures OFF on input line 4192.
Package hyperref Info: Link nesting OFF on input line 4197.
Package hyperref Info: Hyper index ON on input line 4200.
Package hyperref Info: Plain pages OFF on input line 4207.
Package hyperref Info: Backreferencing OFF on input line 4212.
Package hyperref Info: Implicit mode ON; LaTeX internals redefined.
Package hyperref Info: Bookmarks ON on input line 4445.
\c@Hy@tempcnt=\count271
(c:/Users/Warren/AppData/Roaming/TinyTeX/texmf-dist/tex/latex/url/url.sty
\Urlmuskip=\muskip17
Package: url 2013/09/16  ver 3.4  Verb mode for urls, etc.
)
LaTeX Info: Redefining \url on input line 4804.
\XeTeXLinkMargin=\dimen149

(c:/Users/Warren/AppData/Roaming/TinyTeX/texmf-dist/tex/generic/bitset/bitset.s
ty
Package: bitset 2019/12/09 v1.3 Handle bit-vector datatype (HO)

(c:/Users/Warren/AppData/Roaming/TinyTeX/texmf-dist/tex/generic/bigintcalc/bigi
ntcalc.sty
Package: bigintcalc 2019/12/15 v1.5 Expandable calculations on big integers (HO
)
))
\Fld@menulength=\count272
\Field@Width=\dimen150
\Fld@charsize=\dimen151
Package hyperref Info: Hyper figures OFF on input line 6076.
Package hyperref Info: Link nesting OFF on input line 6081.
Package hyperref Info: Hyper index ON on input line 6084.
Package hyperref Info: backreferencing OFF on input line 6091.
Package hyperref Info: Link coloring OFF on input line 6096.
Package hyperref Info: Link coloring with OCG OFF on input line 6101.
Package hyperref Info: PDF/A mode OFF on input line 6106.
LaTeX Info: Redefining \ref on input line 6146.
LaTeX Info: Redefining \pageref on input line 6150.

(c:/Users/Warren/AppData/Roaming/TinyTeX/texmf-dist/tex/latex/base/atbegshi-ltx
.sty
Package: atbegshi-ltx 2021/01/10 v1.0c Emulation of the original atbegshi
package with kernel methods
)
\Hy@abspage=\count273
\c@Item=\count274
\c@Hfootnote=\count275
)
Package hyperref Info: Driver (autodetected): hpdftex.

(c:/Users/Warren/AppData/Roaming/TinyTeX/texmf-dist/tex/latex/hyperref/hpdftex.
def
File: hpdftex.def 2021-06-07 v7.00m Hyperref driver for pdfTeX

(c:/Users/Warren/AppData/Roaming/TinyTeX/texmf-dist/tex/latex/base/atveryend-lt
x.sty
Package: atveryend-ltx 2020/08/19 v1.0a Emulation of the original atvery packag
e
with kernel methods
)
\Fld@listcount=\count276
\c@bookmark@seq@number=\count277

(c:/Users/Warren/AppData/Roaming/TinyTeX/texmf-dist/tex/latex/rerunfilecheck/re
runfilecheck.sty
Package: rerunfilecheck 2019/12/05 v1.9 Rerun checks for auxiliary files (HO)

(c:/Users/Warren/AppData/Roaming/TinyTeX/texmf-dist/tex/generic/uniquecounter/u
niquecounter.sty
Package: uniquecounter 2019/12/15 v1.4 Provide unlimited unique counter (HO)
)
Package uniquecounter Info: New unique counter `rerunfilecheck' on input line 2
86.
)
\Hy@SectionHShift=\skip52
)
(c:/Users/Warren/AppData/Roaming/TinyTeX/texmf-dist/tex/latex/geometry/geometry
.sty
Package: geometry 2020/01/02 v5.9 Page Geometry

(c:/Users/Warren/AppData/Roaming/TinyTeX/texmf-dist/tex/generic/iftex/ifvtex.st
y
Package: ifvtex 2019/10/25 v1.7 ifvtex legacy package. Use iftex instead.
)
\Gm@cnth=\count278
\Gm@cntv=\count279
\c@Gm@tempcnt=\count280
\Gm@bindingoffset=\dimen152
\Gm@wd@mp=\dimen153
\Gm@odd@mp=\dimen154
\Gm@even@mp=\dimen155
\Gm@layoutwidth=\dimen156
\Gm@layoutheight=\dimen157
\Gm@layouthoffset=\dimen158
\Gm@layoutvoffset=\dimen159
\Gm@dimlist=\toks24
)
(c:/Users/Warren/AppData/Roaming/TinyTeX/texmf-dist/tex/latex/fancyvrb/fancyvrb
.sty
Package: fancyvrb 2021/01/20 v3.7 verbatim text (tvz,hv)
\FV@CodeLineNo=\count281
\FV@InFile=\read2
\FV@TabBox=\box52
\c@FancyVerbLine=\count282
\FV@StepNumber=\count283
\FV@OutFile=\write3
)
(c:/Users/Warren/AppData/Roaming/TinyTeX/texmf-dist/tex/latex/framed/framed.sty
Package: framed 2011/10/22 v 0.96: framed or shaded text with page breaks
\OuterFrameSep=\skip53
\fb@frw=\dimen160
\fb@frh=\dimen161
\FrameRule=\dimen162
\FrameSep=\dimen163
)
(c:/Users/Warren/AppData/Roaming/TinyTeX/texmf-dist/tex/latex/tools/longtable.s
ty
Package: longtable 2021-05-07 v4.16 Multi-page Table package (DPC)
\LTleft=\skip54
\LTright=\skip55
\LTpre=\skip56
\LTpost=\skip57
\LTchunksize=\count284
\LTcapwidth=\dimen164
\LT@head=\box53
\LT@firsthead=\box54
\LT@foot=\box55
\LT@lastfoot=\box56
\LT@gbox=\box57
\LT@cols=\count285
\LT@rows=\count286
\c@LT@tables=\count287
\c@LT@chunks=\count288
\LT@p@ftn=\toks25
)
(c:/Users/Warren/AppData/Roaming/TinyTeX/texmf-dist/tex/latex/booktabs/booktabs
.sty
Package: booktabs 2020/01/12 v1.61803398 Publication quality tables
\heavyrulewidth=\dimen165
\lightrulewidth=\dimen166
\cmidrulewidth=\dimen167
\belowrulesep=\dimen168
\belowbottomsep=\dimen169
\aboverulesep=\dimen170
\abovetopsep=\dimen171
\cmidrulesep=\dimen172
\cmidrulekern=\dimen173
\defaultaddspace=\dimen174
\@cmidla=\count289
\@cmidlb=\count290
\@aboverulesep=\dimen175
\@belowrulesep=\dimen176
\@thisruleclass=\count291
\@lastruleclass=\count292
\@thisrulewidth=\dimen177
) (c:/Users/Warren/AppData/Roaming/TinyTeX/texmf-dist/tex/latex/tools/calc.sty
Package: calc 2017/05/25 v4.3 Infix arithmetic (KKT,FJ)
\calc@Acount=\count293
\calc@Bcount=\count294
\calc@Adimen=\dimen178
\calc@Bdimen=\dimen179
\calc@Askip=\skip58
\calc@Bskip=\skip59
LaTeX Info: Redefining \setlength on input line 80.
LaTeX Info: Redefining \addtolength on input line 81.
\calc@Ccount=\count295
\calc@Cskip=\skip60
)
(c:/Users/Warren/AppData/Roaming/TinyTeX/texmf-dist/tex/latex/etoolbox/etoolbox
.sty
Package: etoolbox 2020/10/05 v2.5k e-TeX tools for LaTeX (JAW)
\etb@tempcnta=\count296
)
(c:/Users/Warren/AppData/Roaming/TinyTeX/texmf-dist/tex/latex/mdwtools/footnote
.sty
Package: footnote 1997/01/28 1.13 Save footnotes around boxes
\fn@notes=\box58
\fn@width=\dimen180
)
(c:/Users/Warren/AppData/Roaming/TinyTeX/texmf-dist/tex/latex/graphics/graphicx
.sty
Package: graphicx 2020/12/05 v1.2c Enhanced LaTeX Graphics (DPC,SPQR)

(c:/Users/Warren/AppData/Roaming/TinyTeX/texmf-dist/tex/latex/graphics/graphics
.sty
Package: graphics 2021/03/04 v1.4d Standard LaTeX Graphics (DPC,SPQR)

(c:/Users/Warren/AppData/Roaming/TinyTeX/texmf-dist/tex/latex/graphics/trig.sty
Package: trig 2016/01/03 v1.10 sin cos tan (DPC)
)
(c:/Users/Warren/AppData/Roaming/TinyTeX/texmf-dist/tex/latex/graphics-cfg/grap
hics.cfg
File: graphics.cfg 2016/06/04 v1.11 sample graphics configuration
)
Package graphics Info: Driver file: pdftex.def on input line 107.
)
\Gin@req@height=\dimen181
\Gin@req@width=\dimen182
)
\cslhangindent=\skip61
\csllabelwidth=\skip62

(c:/Users/Warren/AppData/Roaming/TinyTeX/texmf-dist/tex/latex/l3backend/l3backe
nd-pdftex.def
File: l3backend-pdftex.def 2021-07-12 L3 backend support: PDF output (pdfTeX)
\l__color_backend_stack_int=\count297
\l__pdf_internal_box=\box59
) (./Sup_mat.aux)
\openout1 = `Sup_mat.aux'.

LaTeX Font Info:    Checking defaults for OML/cmm/m/it on input line 140.
LaTeX Font Info:    ... okay on input line 140.
LaTeX Font Info:    Checking defaults for OMS/cmsy/m/n on input line 140.
LaTeX Font Info:    ... okay on input line 140.
LaTeX Font Info:    Checking defaults for OT1/cmr/m/n on input line 140.
LaTeX Font Info:    ... okay on input line 140.
LaTeX Font Info:    Checking defaults for T1/cmr/m/n on input line 140.
LaTeX Font Info:    ... okay on input line 140.
LaTeX Font Info:    Checking defaults for TS1/cmr/m/n on input line 140.
LaTeX Font Info:    ... okay on input line 140.
LaTeX Font Info:    Checking defaults for OMX/cmex/m/n on input line 140.
LaTeX Font Info:    ... okay on input line 140.
LaTeX Font Info:    Checking defaults for U/cmr/m/n on input line 140.
LaTeX Font Info:    ... okay on input line 140.
LaTeX Font Info:    Checking defaults for PD1/pdf/m/n on input line 140.
LaTeX Font Info:    ... okay on input line 140.
LaTeX Font Info:    Checking defaults for PU/pdf/m/n on input line 140.
LaTeX Font Info:    ... okay on input line 140.

(c:/Users/Warren/AppData/Roaming/TinyTeX/texmf-dist/tex/latex/epstopdf-pkg/epst
opdf-base.sty
Package: epstopdf-base 2020-01-24 v2.11 Base part for package epstopdf
Package epstopdf-base Info: Redefining graphics rule for `.eps' on input line 4
85.

(c:/Users/Warren/AppData/Roaming/TinyTeX/texmf-dist/tex/latex/latexconfig/epsto
pdf-sys.cfg
File: epstopdf-sys.cfg 2010/07/13 v1.3 Configuration of (r)epstopdf for TeX Liv
e
))
Package hyperref Info: Link coloring OFF on input line 140.

(c:/Users/Warren/AppData/Roaming/TinyTeX/texmf-dist/tex/latex/hyperref/nameref.
sty
Package: nameref 2021-04-02 v2.47 Cross-referencing by name of section

(c:/Users/Warren/AppData/Roaming/TinyTeX/texmf-dist/tex/latex/refcount/refcount
.sty
Package: refcount 2019/12/15 v3.6 Data extraction from label references (HO)
)
(c:/Users/Warren/AppData/Roaming/TinyTeX/texmf-dist/tex/generic/gettitlestring/
gettitlestring.sty
Package: gettitlestring 2019/12/15 v1.6 Cleanup title references (HO)
)
\c@section@level=\count298
)
LaTeX Info: Redefining \ref on input line 140.
LaTeX Info: Redefining \pageref on input line 140.
LaTeX Info: Redefining \nameref on input line 140.
(./Sup_mat.out) (./Sup_mat.out)
\@outlinefile=\write4
\openout4 = `Sup_mat.out'.

*geometry* driver: auto-detecting
*geometry* detected driver: pdftex
*geometry* verbose mode - [ preamble ] result:
* driver: pdftex
* paper: <default>
* layout: <same size as paper>
* layoutoffset:(h,v)=(0.0pt,0.0pt)
* modes: 
* h-part:(L,W,R)=(72.26999pt, 469.75502pt, 72.26999pt)
* v-part:(T,H,B)=(72.26999pt, 650.43001pt, 72.26999pt)
* \paperwidth=614.295pt
* \paperheight=794.96999pt
* \textwidth=469.75502pt
* \textheight=650.43001pt
* \oddsidemargin=0.0pt
* \evensidemargin=0.0pt
* \topmargin=-37.0pt
* \headheight=12.0pt
* \headsep=25.0pt
* \topskip=10.0pt
* \footskip=30.0pt
* \marginparwidth=65.0pt
* \marginparsep=11.0pt
* \columnsep=10.0pt
* \skip\footins=9.0pt plus 4.0pt minus 2.0pt
* \hoffset=0.0pt
* \voffset=0.0pt
* \mag=1000
* \@twocolumnfalse
* \@twosidefalse
* \@mparswitchfalse
* \@reversemarginfalse
* (1in=72.27pt=25.4mm, 1cm=28.453pt)

LaTeX Font Info:    Trying to load font information for OT1+lmr on input line 1
42.
(c:/Users/Warren/AppData/Roaming/TinyTeX/texmf-dist/tex/latex/lm/ot1lmr.fd
File: ot1lmr.fd 2015/05/01 v1.6.1 Font defs for Latin Modern
)
LaTeX Font Info:    Trying to load font information for OML+lmm on input line 1
42.
(c:/Users/Warren/AppData/Roaming/TinyTeX/texmf-dist/tex/latex/lm/omllmm.fd
File: omllmm.fd 2015/05/01 v1.6.1 Font defs for Latin Modern
)
LaTeX Font Info:    Trying to load font information for OMS+lmsy on input line 
142.
(c:/Users/Warren/AppData/Roaming/TinyTeX/texmf-dist/tex/latex/lm/omslmsy.fd
File: omslmsy.fd 2015/05/01 v1.6.1 Font defs for Latin Modern
)
LaTeX Font Info:    Trying to load font information for OMX+lmex on input line 
142.
(c:/Users/Warren/AppData/Roaming/TinyTeX/texmf-dist/tex/latex/lm/omxlmex.fd
File: omxlmex.fd 2015/05/01 v1.6.1 Font defs for Latin Modern
)
LaTeX Font Info:    External font `lmex10' loaded for size
(Font)              <12> on input line 142.
LaTeX Font Info:    External font `lmex10' loaded for size
(Font)              <8> on input line 142.
LaTeX Font Info:    External font `lmex10' loaded for size
(Font)              <6> on input line 142.
LaTeX Font Info:    Trying to load font information for U+msa on input line 142
.
(c:/Users/Warren/AppData/Roaming/TinyTeX/texmf-dist/tex/latex/amsfonts/umsa.fd
File: umsa.fd 2013/01/14 v3.01 AMS symbols A
)
LaTeX Font Info:    Trying to load font information for U+msb on input line 142
.
(c:/Users/Warren/AppData/Roaming/TinyTeX/texmf-dist/tex/latex/amsfonts/umsb.fd
File: umsb.fd 2013/01/14 v3.01 AMS symbols B
) (./Sup_mat.toc
LaTeX Font Info:    External font `lmex10' loaded for size
(Font)              <10> on input line 4.
LaTeX Font Info:    External font `lmex10' loaded for size
(Font)              <7> on input line 4.
LaTeX Font Info:    External font `lmex10' loaded for size
(Font)              <5> on input line 4.
)
\tf@toc=\write5
\openout5 = `Sup_mat.toc'.

LaTeX Font Info:    Trying to load font information for T1+lmtt on input line 1
55.
(c:/Users/Warren/AppData/Roaming/TinyTeX/texmf-dist/tex/latex/lm/t1lmtt.fd
File: t1lmtt.fd 2015/05/01 v1.6.1 Font defs for Latin Modern
) [1

{c:/Users/Warren/AppData/Roaming/TinyTeX/texmf-var/fonts/map/pdftex/updmap/pdft
ex.map}] [2]
<Sup_mat_files/figure-latex/drawdistributions-1.pdf, id=88, 469.755pt x 216.81p
t>
File: Sup_mat_files/figure-latex/drawdistributions-1.pdf Graphic file (type pdf
)
<use Sup_mat_files/figure-latex/drawdistributions-1.pdf>
Package pdftex.def Info: Sup_mat_files/figure-latex/drawdistributions-1.pdf  us
ed on input line 237.
(pdftex.def)             Requested size: 469.75386pt x 216.80946pt.
[3 <./Sup_mat_files/figure-latex/drawdistributions-1.pdf>]
<Sup_mat_files/figure-latex/HDIHoopSize-1.pdf, id=107, 469.755pt x 216.81pt>
File: Sup_mat_files/figure-latex/HDIHoopSize-1.pdf Graphic file (type pdf)
<use Sup_mat_files/figure-latex/HDIHoopSize-1.pdf>
Package pdftex.def Info: Sup_mat_files/figure-latex/HDIHoopSize-1.pdf  used on 
input line 250.
(pdftex.def)             Requested size: 469.75386pt x 216.80946pt.
<Sup_mat_files/figure-latex/HoopSizeSession1-1.pdf, id=108, 469.755pt x 216.81p
t>
File: Sup_mat_files/figure-latex/HoopSizeSession1-1.pdf Graphic file (type pdf)

<use Sup_mat_files/figure-latex/HoopSizeSession1-1.pdf>
Package pdftex.def Info: Sup_mat_files/figure-latex/HoopSizeSession1-1.pdf  use
d on input line 267.
(pdftex.def)             Requested size: 469.75386pt x 216.80946pt.
<Sup_mat_files/figure-latex/HoopSizeFacets-1.pdf, id=110, 722.7pt x 578.16pt>
File: Sup_mat_files/figure-latex/HoopSizeFacets-1.pdf Graphic file (type pdf)
<use Sup_mat_files/figure-latex/HoopSizeFacets-1.pdf>
Package pdftex.def Info: Sup_mat_files/figure-latex/HoopSizeFacets-1.pdf  used 
on input line 278.
(pdftex.def)             Requested size: 469.76045pt x 375.80836pt.
[4 <./Sup_mat_files/figure-latex/HDIHoopSize-1.pdf>]
<Sup_mat_files/figure-latex/PltHoopSize-1.pdf, id=130, 469.755pt x 210.7875pt>
File: Sup_mat_files/figure-latex/PltHoopSize-1.pdf Graphic file (type pdf)
<use Sup_mat_files/figure-latex/PltHoopSize-1.pdf>
Package pdftex.def Info: Sup_mat_files/figure-latex/PltHoopSize-1.pdf  used on 
input line 322.
(pdftex.def)             Requested size: 469.75386pt x 210.78699pt.
<Sup_mat_files/figure-latex/HoopSizeRawAcc-1.pdf, id=131, 722.7pt x 361.35pt>
File: Sup_mat_files/figure-latex/HoopSizeRawAcc-1.pdf Graphic file (type pdf)
<use Sup_mat_files/figure-latex/HoopSizeRawAcc-1.pdf>
Package pdftex.def Info: Sup_mat_files/figure-latex/HoopSizeRawAcc-1.pdf  used 
on input line 334.
(pdftex.def)             Requested size: 469.76045pt x 234.88023pt.
<Sup_mat_files/figure-latex/TwoThrowSession1-1.pdf, id=132, 722.7pt x 361.35pt>

File: Sup_mat_files/figure-latex/TwoThrowSession1-1.pdf Graphic file (type pdf)

<use Sup_mat_files/figure-latex/TwoThrowSession1-1.pdf>
Package pdftex.def Info: Sup_mat_files/figure-latex/TwoThrowSession1-1.pdf  use
d on input line 346.
(pdftex.def)             Requested size: 469.76045pt x 234.88023pt.
[5 <./Sup_mat_files/figure-latex/HoopSizeSession1-1.pdf>] [6 <./Sup_mat_files/f
igure-latex/HoopSizeFacets-1.pdf>] [7 <./Sup_mat_files/figure-latex/PltHoopSize
-1.pdf> <./Sup_mat_files/figure-latex/HoopSizeRawAcc-1.pdf>]
<Sup_mat_files/figure-latex/TwoThrowFacets-1.pdf, id=187, 722.7pt x 325.215pt>
File: Sup_mat_files/figure-latex/TwoThrowFacets-1.pdf Graphic file (type pdf)
<use Sup_mat_files/figure-latex/TwoThrowFacets-1.pdf>
Package pdftex.def Info: Sup_mat_files/figure-latex/TwoThrowFacets-1.pdf  used 
on input line 357.
(pdftex.def)             Requested size: 469.76045pt x 211.3922pt.
[8 <./Sup_mat_files/figure-latex/TwoThrowSession1-1.pdf>]
<Sup_mat_files/figure-latex/TwoThrowPlts-1.pdf, id=204, 469.755pt x 216.81pt>
File: Sup_mat_files/figure-latex/TwoThrowPlts-1.pdf Graphic file (type pdf)
<use Sup_mat_files/figure-latex/TwoThrowPlts-1.pdf>
Package pdftex.def Info: Sup_mat_files/figure-latex/TwoThrowPlts-1.pdf  used on
 input line 405.
(pdftex.def)             Requested size: 469.75386pt x 216.80946pt.
<Sup_mat_files/figure-latex/TwoThrowDifference-1.pdf, id=205, 469.755pt x 216.8
1pt>
File: Sup_mat_files/figure-latex/TwoThrowDifference-1.pdf Graphic file (type pd
f)
<use Sup_mat_files/figure-latex/TwoThrowDifference-1.pdf>
Package pdftex.def Info: Sup_mat_files/figure-latex/TwoThrowDifference-1.pdf  u
sed on input line 414.
(pdftex.def)             Requested size: 469.75386pt x 216.80946pt.
<Sup_mat_files/figure-latex/TwoThrowRawAcc-1.pdf, id=210, 469.755pt x 216.81pt>

File: Sup_mat_files/figure-latex/TwoThrowRawAcc-1.pdf Graphic file (type pdf)
<use Sup_mat_files/figure-latex/TwoThrowRawAcc-1.pdf>
Package pdftex.def Info: Sup_mat_files/figure-latex/TwoThrowRawAcc-1.pdf  used 
on input line 430.
(pdftex.def)             Requested size: 469.75386pt x 216.80946pt.
[9 <./Sup_mat_files/figure-latex/TwoThrowFacets-1.pdf>] [10 <./Sup_mat_files/fi
gure-latex/TwoThrowPlts-1.pdf> <./Sup_mat_files/figure-latex/TwoThrowDifference
-1.pdf>]
<Sup_mat_files/figure-latex/RewardsSession1-1.pdf, id=249, 469.755pt x 216.81pt
>
File: Sup_mat_files/figure-latex/RewardsSession1-1.pdf Graphic file (type pdf)
<use Sup_mat_files/figure-latex/RewardsSession1-1.pdf>
Package pdftex.def Info: Sup_mat_files/figure-latex/RewardsSession1-1.pdf  used
 on input line 446.
(pdftex.def)             Requested size: 469.75386pt x 216.80946pt.
<Sup_mat_files/figure-latex/RewardFacets-1.pdf, id=251, 469.755pt x 216.81pt>
File: Sup_mat_files/figure-latex/RewardFacets-1.pdf Graphic file (type pdf)
<use Sup_mat_files/figure-latex/RewardFacets-1.pdf>
Package pdftex.def Info: Sup_mat_files/figure-latex/RewardFacets-1.pdf  used on
 input line 457.
(pdftex.def)             Requested size: 469.75386pt x 216.80946pt.
[11 <./Sup_mat_files/figure-latex/TwoThrowRawAcc-1.pdf>] [12 <./Sup_mat_files/f
igure-latex/RewardsSession1-1.pdf> <./Sup_mat_files/figure-latex/RewardFacets-1
.pdf>]
<Sup_mat_files/figure-latex/PltRewardestimates-1.pdf, id=293, 469.755pt x 216.8
1pt>
File: Sup_mat_files/figure-latex/PltRewardestimates-1.pdf Graphic file (type pd
f)
<use Sup_mat_files/figure-latex/PltRewardestimates-1.pdf>
Package pdftex.def Info: Sup_mat_files/figure-latex/PltRewardestimates-1.pdf  u
sed on input line 504.
(pdftex.def)             Requested size: 469.75386pt x 216.80946pt.

Overfull \hbox (144.4932pt too wide) in paragraph at lines 520--520
[]\T1/lmtt/m/n/10 ## `summarise()` has grouped output by 'Participant', 'slab_m
easures'. You can override using the `.groups` argument.[] 
 []

[13 <./Sup_mat_files/figure-latex/PltRewardestimates-1.pdf>]
<Sup_mat_files/figure-latex/RewardRawAcc-1.pdf, id=311, 722.7pt x 216.81pt>
File: Sup_mat_files/figure-latex/RewardRawAcc-1.pdf Graphic file (type pdf)
<use Sup_mat_files/figure-latex/RewardRawAcc-1.pdf>
Package pdftex.def Info: Sup_mat_files/figure-latex/RewardRawAcc-1.pdf  used on
 input line 524.
(pdftex.def)             Requested size: 469.76045pt x 140.92813pt.
[14 <./Sup_mat_files/figure-latex/RewardRawAcc-1.pdf>]
Overfull \hbox (123.49326pt too wide) in paragraph at lines 556--556
[]\T1/lmtt/m/n/10 ## `summarise()` has grouped output by 'Participant', 'Condit
ion'. You can override using the `.groups` argument.[] 
 []

<Sup_mat_files/figure-latex/ProbOGData-1.pdf, id=370, 469.755pt x 216.81pt>
File: Sup_mat_files/figure-latex/ProbOGData-1.pdf Graphic file (type pdf)
<use Sup_mat_files/figure-latex/ProbOGData-1.pdf>
Package pdftex.def Info: Sup_mat_files/figure-latex/ProbOGData-1.pdf  used on i
nput line 560.
(pdftex.def)             Requested size: 469.75386pt x 216.80946pt.
[15 <./Sup_mat_files/figure-latex/ProbOGData-1.pdf>]
<Sup_mat_files/figure-latex/ProbPowerPlots-1.pdf, id=392, 469.755pt x 216.81pt>

File: Sup_mat_files/figure-latex/ProbPowerPlots-1.pdf Graphic file (type pdf)
<use Sup_mat_files/figure-latex/ProbPowerPlots-1.pdf>
Package pdftex.def Info: Sup_mat_files/figure-latex/ProbPowerPlots-1.pdf  used 
on input line 573.
(pdftex.def)             Requested size: 469.75386pt x 216.80946pt.
LaTeX Font Info:    Trying to load font information for TS1+lmr on input line 5
92.
(c:/Users/Warren/AppData/Roaming/TinyTeX/texmf-dist/tex/latex/lm/ts1lmr.fd
File: ts1lmr.fd 2015/05/01 v1.6.1 Font defs for Latin Modern
)

LaTeX Warning: Reference `fig:ProbSession1' on page 16 undefined on input line 
592.

[16 <./Sup_mat_files/figure-latex/ProbPowerPlots-1.pdf>]
<Sup_mat_files/figure-latex/ProbPart1-1.pdf, id=420, 469.755pt x 216.81pt>
File: Sup_mat_files/figure-latex/ProbPart1-1.pdf Graphic file (type pdf)
<use Sup_mat_files/figure-latex/ProbPart1-1.pdf>
Package pdftex.def Info: Sup_mat_files/figure-latex/ProbPart1-1.pdf  used on in
put line 596.
(pdftex.def)             Requested size: 469.75386pt x 216.80946pt.

Underfull \hbox (badness 1817) in paragraph at lines 603--604
[]\T1/lmr/m/n/10 The boxes were pre-sented on ei-ther side of the fix-a-tion cr
oss at sev-eral dif-fer-ent ec-cen-tric-i-ties
 []

<Sup_mat_files/figure-latex/ProbSession2-1.pdf, id=421, 469.755pt x 216.81pt>
File: Sup_mat_files/figure-latex/ProbSession2-1.pdf Graphic file (type pdf)
<use Sup_mat_files/figure-latex/ProbSession2-1.pdf>
Package pdftex.def Info: Sup_mat_files/figure-latex/ProbSession2-1.pdf  used on
 input line 609.
(pdftex.def)             Requested size: 469.75386pt x 216.80946pt.
[17 <./Sup_mat_files/figure-latex/ProbPart1-1.pdf>] [18 <./Sup_mat_files/figure
-latex/ProbSession2-1.pdf>]
<Sup_mat_files/figure-latex/ProbProp-1.pdf, id=446, 469.755pt x 216.81pt>
File: Sup_mat_files/figure-latex/ProbProp-1.pdf Graphic file (type pdf)
<use Sup_mat_files/figure-latex/ProbProp-1.pdf>
Package pdftex.def Info: Sup_mat_files/figure-latex/ProbProp-1.pdf  used on inp
ut line 637.
(pdftex.def)             Requested size: 469.75386pt x 216.80946pt.
<Sup_mat_files/figure-latex/ProbExpAcc-1.pdf, id=450, 469.755pt x 216.81pt>
File: Sup_mat_files/figure-latex/ProbExpAcc-1.pdf Graphic file (type pdf)
<use Sup_mat_files/figure-latex/ProbExpAcc-1.pdf>
Package pdftex.def Info: Sup_mat_files/figure-latex/ProbExpAcc-1.pdf  used on i
nput line 648.
(pdftex.def)             Requested size: 469.75386pt x 216.80946pt.
<Sup_mat_files/figure-latex/probSession1-1.pdf, id=452, 469.755pt x 216.81pt>
File: Sup_mat_files/figure-latex/probSession1-1.pdf Graphic file (type pdf)
<use Sup_mat_files/figure-latex/probSession1-1.pdf>
Package pdftex.def Info: Sup_mat_files/figure-latex/probSession1-1.pdf  used on
 input line 662.
(pdftex.def)             Requested size: 469.75386pt x 216.80946pt.
[19 <./Sup_mat_files/figure-latex/ProbProp-1.pdf>]
<Sup_mat_files/figure-latex/ProbPriorsPlt-1.pdf, id=467, 469.755pt x 361.35pt>
File: Sup_mat_files/figure-latex/ProbPriorsPlt-1.pdf Graphic file (type pdf)
<use Sup_mat_files/figure-latex/ProbPriorsPlt-1.pdf>
Package pdftex.def Info: Sup_mat_files/figure-latex/ProbPriorsPlt-1.pdf  used o
n input line 677.
(pdftex.def)             Requested size: 469.75386pt x 361.34912pt.
[20 <./Sup_mat_files/figure-latex/ProbExpAcc-1.pdf>] [21 <./Sup_mat_files/figur
e-latex/probSession1-1.pdf> <./Sup_mat_files/figure-latex/ProbPriorsPlt-1.pdf>]
<Sup_mat_files/figure-latex/ProbModelOutputs-1.pdf, id=501, 469.755pt x 361.35p
t>
File: Sup_mat_files/figure-latex/ProbModelOutputs-1.pdf Graphic file (type pdf)

<use Sup_mat_files/figure-latex/ProbModelOutputs-1.pdf>
Package pdftex.def Info: Sup_mat_files/figure-latex/ProbModelOutputs-1.pdf  use
d on input line 713.
(pdftex.def)             Requested size: 469.75386pt x 361.34912pt.
[22 <./Sup_mat_files/figure-latex/ProbModelOutputs-1.pdf>] [23] (./Sup_mat.aux)

LaTeX Warning: There were undefined references.

Package rerunfilecheck Info: File `Sup_mat.out' has not changed.
(rerunfilecheck)             Checksum: CC1D92467893B6B272082353E44ACBCB;1690.
 ) 
Here is how much of TeX's memory you used:
 11551 strings out of 480502
 177395 string characters out of 5897997
 489915 words of memory out of 5000000
 28887 multiletter control sequences out of 15000+600000
 453981 words of font info for 69 fonts, out of 8000000 for 9000
 14 hyphenation exceptions out of 8191
 60i,6n,66p,3568b,473s stack positions out of 5000i,500n,10000p,200000b,80000s
{c:/Users/Warren/AppData/Roaming/TinyTeX/texmf-dist/fonts/enc/dvips/lm/lm-ts1
.enc}{c:/Users/Warren/AppData/Roaming/TinyTeX/texmf-dist/fonts/enc/dvips/lm/lm-
ec.enc}{c:/Users/Warren/AppData/Roaming/TinyTeX/texmf-dist/fonts/enc/dvips/lm/l
m-rm.enc}{c:/Users/Warren/AppData/Roaming/TinyTeX/texmf-dist/fonts/enc/dvips/lm
/lm-mathsy.enc}{c:/Users/Warren/AppData/Roaming/TinyTeX/texmf-dist/fonts/enc/dv
ips/lm/lm-mathit.enc}<c:/Users/Warren/AppData/Roaming/TinyTeX/texmf-dist/fonts/
type1/public/lm/lmbx10.pfb><c:/Users/Warren/AppData/Roaming/TinyTeX/texmf-dist/
fonts/type1/public/lm/lmbx12.pfb><c:/Users/Warren/AppData/Roaming/TinyTeX/texmf
-dist/fonts/type1/public/lm/lmmi10.pfb><c:/Users/Warren/AppData/Roaming/TinyTeX
/texmf-dist/fonts/type1/public/lm/lmr10.pfb><c:/Users/Warren/AppData/Roaming/Ti
nyTeX/texmf-dist/fonts/type1/public/lm/lmr17.pfb><c:/Users/Warren/AppData/Roami
ng/TinyTeX/texmf-dist/fonts/type1/public/lm/lmri10.pfb><c:/Users/Warren/AppData
/Roaming/TinyTeX/texmf-dist/fonts/type1/public/lm/lmsy10.pfb><c:/Users/Warren/A
ppData/Roaming/TinyTeX/texmf-dist/fonts/type1/public/lm/lmtt10.pfb><c:/Users/Wa
rren/AppData/Roaming/TinyTeX/texmf-dist/fonts/type1/public/lm/lmtti10.pfb>
Output written on Sup_mat.pdf (23 pages, 1118036 bytes).
PDF statistics:
 603 PDF objects out of 1000 (max. 8388607)
 500 compressed objects within 5 object streams
 119 named destinations out of 1000 (max. 500000)
 225 words of extra memory for PDF output out of 10000 (max. 10000000)

